[2024-05-16 14:32:55.900] [jointLog] [info] setting maxHashResizeThreads to 8
[2024-05-16 14:32:55.900] [jointLog] [info] Fragment incompatibility prior below threshold.  Incompatible fragments will be ignored.
[2024-05-16 14:32:55.900] [jointLog] [info] Usage of --validateMappings implies use of minScoreFraction. Since not explicitly specified, it is being set to 0.65
[2024-05-16 14:32:55.900] [jointLog] [info] Setting consensusSlack to selective-alignment default of 0.35.
[2024-05-16 14:32:55.900] [jointLog] [info] parsing read library format
[2024-05-16 14:32:55.900] [jointLog] [info] There is 1 library.
[2024-05-16 14:32:55.901] [jointLog] [info] Loading pufferfish index
[2024-05-16 14:32:55.902] [jointLog] [info] Loading dense pufferfish index.
[2024-05-16 14:32:56.659] [jointLog] [info] done
[2024-05-16 14:32:56.679] [jointLog] [info] Index contained 197,452 targets
[2024-05-16 14:32:56.693] [jointLog] [info] Number of decoys : 0
[2024-05-16 14:32:56.928] [jointLog] [info] Automatically detected most likely library type as IU

[2024-05-16 14:37:01.205] [fileLog] [info] 
At end of round 0
==================
Observed 30000000 total fragments (30000000 in most recent round)

[2024-05-16 14:37:01.204] [jointLog] [info] Computed 416,395 rich equivalence classes for further processing
[2024-05-16 14:37:01.204] [jointLog] [info] Counted 29,982,608 total reads in the equivalence classes 
[2024-05-16 14:37:01.209] [jointLog] [info] Number of mappings discarded because of alignment score : 5,253,321
[2024-05-16 14:37:01.209] [jointLog] [info] Number of fragments entirely discarded because of alignment score : 6,921
[2024-05-16 14:37:01.209] [jointLog] [info] Number of fragments discarded because they are best-mapped to decoys : 0
[2024-05-16 14:37:01.209] [jointLog] [info] Number of fragments discarded because they have only dovetail (discordant) mappings to valid targets : 56,943
[2024-05-16 14:37:01.209] [jointLog] [info] Mapping rate = 99.942%

[2024-05-16 14:37:01.209] [jointLog] [info] finished quantifyLibrary()
[2024-05-16 14:37:01.210] [jointLog] [info] Starting optimizer
[2024-05-16 14:37:01.241] [jointLog] [info] Loading in Python Module
[2024-05-16 14:37:02.497] [jointLog] [info] Success in Loading Python Module
[2024-05-16 14:37:02.505] [jointLog] [info] Init
[2024-05-16 14:37:02.531] [jointLog] [info] Marked 0 weighted equivalence classes as degenerate
[2024-05-16 14:37:02.531] [jointLog] [info] Starting the Combined VBME and EM
[2024-05-16 14:37:02.531] [jointLog] [info] VBME Update 0
[2024-05-16 14:37:02.544] [jointLog] [info] EM Update 0
[2024-05-16 14:37:02.553] [jointLog] [info] Checking for convergence
[2024-05-16 14:37:02.562] [jointLog] [info] iteration = 0 | max rel diff. = 94038.7
[2024-05-16 14:37:02.562] [jointLog] [info] VBME Update 1
[2024-05-16 14:37:02.575] [jointLog] [info] EM Update 1
[2024-05-16 14:37:02.584] [jointLog] [info] Checking for convergence
[2024-05-16 14:37:02.594] [jointLog] [info] VBME Update 2
[2024-05-16 14:37:02.607] [jointLog] [info] EM Update 2
[2024-05-16 14:37:02.617] [jointLog] [info] Checking for convergence
[2024-05-16 14:37:02.625] [jointLog] [info] VBME Update 3
[2024-05-16 14:37:02.639] [jointLog] [info] EM Update 3
[2024-05-16 14:37:02.649] [jointLog] [info] Checking for convergence
[2024-05-16 14:37:02.657] [jointLog] [info] VBME Update 4
[2024-05-16 14:37:02.669] [jointLog] [info] EM Update 4
[2024-05-16 14:37:02.679] [jointLog] [info] Checking for convergence
[2024-05-16 14:37:02.688] [jointLog] [info] VBME Update 5
[2024-05-16 14:37:02.701] [jointLog] [info] EM Update 5
[2024-05-16 14:37:02.711] [jointLog] [info] Checking for convergence
[2024-05-16 14:37:02.719] [jointLog] [info] VBME Update 6
[2024-05-16 14:37:02.731] [jointLog] [info] EM Update 6
[2024-05-16 14:37:02.742] [jointLog] [info] Checking for convergence
[2024-05-16 14:37:02.751] [jointLog] [info] VBME Update 7
[2024-05-16 14:37:02.763] [jointLog] [info] EM Update 7
[2024-05-16 14:37:02.773] [jointLog] [info] Checking for convergence
[2024-05-16 14:37:02.782] [jointLog] [info] VBME Update 8
[2024-05-16 14:37:02.794] [jointLog] [info] EM Update 8
[2024-05-16 14:37:02.808] [jointLog] [info] Checking for convergence
[2024-05-16 14:37:02.816] [jointLog] [info] VBME Update 9
[2024-05-16 14:37:02.828] [jointLog] [info] EM Update 9
[2024-05-16 14:37:02.840] [jointLog] [info] Checking for convergence
[2024-05-16 14:37:02.849] [jointLog] [info] VBME Update 10
[2024-05-16 14:37:02.861] [jointLog] [info] EM Update 10
[2024-05-16 14:37:02.871] [jointLog] [info] Checking for convergence
[2024-05-16 14:37:02.881] [jointLog] [info] VBME Update 11
[2024-05-16 14:37:02.894] [jointLog] [info] EM Update 11
[2024-05-16 14:37:02.908] [jointLog] [info] Checking for convergence
[2024-05-16 14:37:02.916] [jointLog] [info] VBME Update 12
[2024-05-16 14:37:02.930] [jointLog] [info] EM Update 12
[2024-05-16 14:37:02.943] [jointLog] [info] Checking for convergence
[2024-05-16 14:37:02.952] [jointLog] [info] VBME Update 13
[2024-05-16 14:37:02.966] [jointLog] [info] EM Update 13
[2024-05-16 14:37:02.976] [jointLog] [info] Checking for convergence
[2024-05-16 14:37:02.985] [jointLog] [info] VBME Update 14
[2024-05-16 14:37:03.000] [jointLog] [info] EM Update 14
[2024-05-16 14:37:03.011] [jointLog] [info] Checking for convergence
[2024-05-16 14:37:03.020] [jointLog] [info] VBME Update 15
[2024-05-16 14:37:03.035] [jointLog] [info] EM Update 15
[2024-05-16 14:37:03.045] [jointLog] [info] Checking for convergence
[2024-05-16 14:37:03.053] [jointLog] [info] VBME Update 16
[2024-05-16 14:37:03.067] [jointLog] [info] EM Update 16
[2024-05-16 14:37:03.080] [jointLog] [info] Checking for convergence
[2024-05-16 14:37:03.089] [jointLog] [info] VBME Update 17
[2024-05-16 14:37:03.102] [jointLog] [info] EM Update 17
[2024-05-16 14:37:03.113] [jointLog] [info] Checking for convergence
[2024-05-16 14:37:03.122] [jointLog] [info] VBME Update 18
[2024-05-16 14:37:03.138] [jointLog] [info] EM Update 18
[2024-05-16 14:37:03.149] [jointLog] [info] Checking for convergence
[2024-05-16 14:37:03.158] [jointLog] [info] VBME Update 19
[2024-05-16 14:37:03.170] [jointLog] [info] EM Update 19
[2024-05-16 14:37:03.180] [jointLog] [info] Checking for convergence
[2024-05-16 14:37:03.189] [jointLog] [info] VBME Update 20
[2024-05-16 14:37:03.202] [jointLog] [info] EM Update 20
[2024-05-16 14:37:03.212] [jointLog] [info] Checking for convergence
[2024-05-16 14:37:03.221] [jointLog] [info] VBME Update 21
[2024-05-16 14:37:03.233] [jointLog] [info] EM Update 21
[2024-05-16 14:37:03.243] [jointLog] [info] Checking for convergence
[2024-05-16 14:37:03.253] [jointLog] [info] VBME Update 22
[2024-05-16 14:37:03.267] [jointLog] [info] EM Update 22
[2024-05-16 14:37:03.280] [jointLog] [info] Checking for convergence
[2024-05-16 14:37:03.289] [jointLog] [info] VBME Update 23
[2024-05-16 14:37:03.304] [jointLog] [info] EM Update 23
[2024-05-16 14:37:03.313] [jointLog] [info] Checking for convergence
[2024-05-16 14:37:03.322] [jointLog] [info] VBME Update 24
[2024-05-16 14:37:03.338] [jointLog] [info] EM Update 24
[2024-05-16 14:37:03.350] [jointLog] [info] Checking for convergence
[2024-05-16 14:37:03.359] [jointLog] [info] VBME Update 25
[2024-05-16 14:37:03.371] [jointLog] [info] EM Update 25
[2024-05-16 14:37:03.382] [jointLog] [info] Checking for convergence
[2024-05-16 14:37:03.390] [jointLog] [info] VBME Update 26
[2024-05-16 14:37:03.406] [jointLog] [info] EM Update 26
[2024-05-16 14:37:03.415] [jointLog] [info] Checking for convergence
[2024-05-16 14:37:03.423] [jointLog] [info] VBME Update 27
[2024-05-16 14:37:03.437] [jointLog] [info] EM Update 27
[2024-05-16 14:37:03.447] [jointLog] [info] Checking for convergence
[2024-05-16 14:37:03.455] [jointLog] [info] VBME Update 28
[2024-05-16 14:37:03.470] [jointLog] [info] EM Update 28
[2024-05-16 14:37:03.480] [jointLog] [info] Checking for convergence
[2024-05-16 14:37:03.490] [jointLog] [info] VBME Update 29
[2024-05-16 14:37:03.507] [jointLog] [info] EM Update 29
[2024-05-16 14:37:03.519] [jointLog] [info] Checking for convergence
[2024-05-16 14:37:03.529] [jointLog] [info] VBME Update 30
[2024-05-16 14:37:03.544] [jointLog] [info] EM Update 30
[2024-05-16 14:37:03.555] [jointLog] [info] Checking for convergence
[2024-05-16 14:37:03.565] [jointLog] [info] VBME Update 31
[2024-05-16 14:37:03.581] [jointLog] [info] EM Update 31
[2024-05-16 14:37:03.592] [jointLog] [info] Checking for convergence
[2024-05-16 14:37:03.601] [jointLog] [info] VBME Update 32
[2024-05-16 14:37:03.617] [jointLog] [info] EM Update 32
[2024-05-16 14:37:03.629] [jointLog] [info] Checking for convergence
[2024-05-16 14:37:03.639] [jointLog] [info] VBME Update 33
[2024-05-16 14:37:03.652] [jointLog] [info] EM Update 33
[2024-05-16 14:37:03.665] [jointLog] [info] Checking for convergence
[2024-05-16 14:37:03.676] [jointLog] [info] VBME Update 34
[2024-05-16 14:37:03.690] [jointLog] [info] EM Update 34
[2024-05-16 14:37:03.703] [jointLog] [info] Checking for convergence
[2024-05-16 14:37:03.714] [jointLog] [info] VBME Update 35
[2024-05-16 14:37:03.729] [jointLog] [info] EM Update 35
[2024-05-16 14:37:03.744] [jointLog] [info] Checking for convergence
[2024-05-16 14:37:03.758] [jointLog] [info] VBME Update 36
[2024-05-16 14:37:03.775] [jointLog] [info] EM Update 36
[2024-05-16 14:37:03.789] [jointLog] [info] Checking for convergence
[2024-05-16 14:37:03.802] [jointLog] [info] VBME Update 37
[2024-05-16 14:37:03.822] [jointLog] [info] EM Update 37
[2024-05-16 14:37:03.839] [jointLog] [info] Checking for convergence
[2024-05-16 14:37:03.855] [jointLog] [info] VBME Update 38
[2024-05-16 14:37:03.876] [jointLog] [info] EM Update 38
[2024-05-16 14:37:03.893] [jointLog] [info] Checking for convergence
[2024-05-16 14:37:03.914] [jointLog] [info] VBME Update 39
[2024-05-16 14:37:03.940] [jointLog] [info] EM Update 39
[2024-05-16 14:37:03.960] [jointLog] [info] Checking for convergence
[2024-05-16 14:37:03.980] [jointLog] [info] VBME Update 40
[2024-05-16 14:37:04.007] [jointLog] [info] EM Update 40
[2024-05-16 14:37:04.026] [jointLog] [info] Checking for convergence
[2024-05-16 14:37:04.041] [jointLog] [info] VBME Update 41
[2024-05-16 14:37:04.061] [jointLog] [info] EM Update 41
[2024-05-16 14:37:04.080] [jointLog] [info] Checking for convergence
[2024-05-16 14:37:04.097] [jointLog] [info] VBME Update 42
[2024-05-16 14:37:04.117] [jointLog] [info] EM Update 42
[2024-05-16 14:37:04.133] [jointLog] [info] Checking for convergence
[2024-05-16 14:37:04.146] [jointLog] [info] VBME Update 43
[2024-05-16 14:37:04.163] [jointLog] [info] EM Update 43
[2024-05-16 14:37:04.177] [jointLog] [info] Checking for convergence
[2024-05-16 14:37:04.191] [jointLog] [info] VBME Update 44
[2024-05-16 14:37:04.212] [jointLog] [info] EM Update 44
[2024-05-16 14:37:04.227] [jointLog] [info] Checking for convergence
[2024-05-16 14:37:04.240] [jointLog] [info] VBME Update 45
[2024-05-16 14:37:04.254] [jointLog] [info] EM Update 45
[2024-05-16 14:37:04.270] [jointLog] [info] Checking for convergence
[2024-05-16 14:37:04.281] [jointLog] [info] VBME Update 46
[2024-05-16 14:37:04.298] [jointLog] [info] EM Update 46
[2024-05-16 14:37:04.314] [jointLog] [info] Checking for convergence
[2024-05-16 14:37:04.325] [jointLog] [info] VBME Update 47
[2024-05-16 14:37:04.343] [jointLog] [info] EM Update 47
[2024-05-16 14:37:04.357] [jointLog] [info] Checking for convergence
[2024-05-16 14:37:04.369] [jointLog] [info] VBME Update 48
[2024-05-16 14:37:04.385] [jointLog] [info] EM Update 48
[2024-05-16 14:37:04.398] [jointLog] [info] Checking for convergence
[2024-05-16 14:37:04.411] [jointLog] [info] VBME Update 49
[2024-05-16 14:37:04.430] [jointLog] [info] EM Update 49
[2024-05-16 14:37:04.447] [jointLog] [info] Checking for convergence
[2024-05-16 14:37:04.460] [jointLog] [info] VBME Update 50
[2024-05-16 14:37:04.480] [jointLog] [info] EM Update 50
[2024-05-16 14:37:04.495] [jointLog] [info] Checking for convergence
[2024-05-16 14:37:04.508] [jointLog] [info] VBME Update 51
[2024-05-16 14:37:04.526] [jointLog] [info] EM Update 51
[2024-05-16 14:37:04.541] [jointLog] [info] Checking for convergence
[2024-05-16 14:37:04.554] [jointLog] [info] VBME Update 52
[2024-05-16 14:37:04.574] [jointLog] [info] EM Update 52
[2024-05-16 14:37:04.587] [jointLog] [info] Checking for convergence
[2024-05-16 14:37:04.602] [jointLog] [info] VBME Update 53
[2024-05-16 14:37:04.621] [jointLog] [info] EM Update 53
[2024-05-16 14:37:04.633] [jointLog] [info] Checking for convergence
[2024-05-16 14:37:04.646] [jointLog] [info] VBME Update 54
[2024-05-16 14:37:04.664] [jointLog] [info] EM Update 54
[2024-05-16 14:37:04.683] [jointLog] [info] Checking for convergence
[2024-05-16 14:37:04.698] [jointLog] [info] VBME Update 55
[2024-05-16 14:37:04.720] [jointLog] [info] EM Update 55
[2024-05-16 14:37:04.737] [jointLog] [info] Checking for convergence
[2024-05-16 14:37:04.754] [jointLog] [info] VBME Update 56
[2024-05-16 14:37:04.775] [jointLog] [info] EM Update 56
[2024-05-16 14:37:04.792] [jointLog] [info] Checking for convergence
[2024-05-16 14:37:04.808] [jointLog] [info] VBME Update 57
[2024-05-16 14:37:04.829] [jointLog] [info] EM Update 57
[2024-05-16 14:37:04.844] [jointLog] [info] Checking for convergence
[2024-05-16 14:37:04.860] [jointLog] [info] VBME Update 58
[2024-05-16 14:37:04.881] [jointLog] [info] EM Update 58
[2024-05-16 14:37:04.898] [jointLog] [info] Checking for convergence
[2024-05-16 14:37:04.913] [jointLog] [info] VBME Update 59
[2024-05-16 14:37:04.929] [jointLog] [info] EM Update 59
[2024-05-16 14:37:04.942] [jointLog] [info] Checking for convergence
[2024-05-16 14:37:04.955] [jointLog] [info] VBME Update 60
[2024-05-16 14:37:04.979] [jointLog] [info] EM Update 60
[2024-05-16 14:37:04.995] [jointLog] [info] Checking for convergence
[2024-05-16 14:37:05.011] [jointLog] [info] VBME Update 61
[2024-05-16 14:37:05.027] [jointLog] [info] EM Update 61
[2024-05-16 14:37:05.041] [jointLog] [info] Checking for convergence
[2024-05-16 14:37:05.055] [jointLog] [info] VBME Update 62
[2024-05-16 14:37:05.073] [jointLog] [info] EM Update 62
[2024-05-16 14:37:05.086] [jointLog] [info] Checking for convergence
[2024-05-16 14:37:05.100] [jointLog] [info] VBME Update 63
[2024-05-16 14:37:05.116] [jointLog] [info] EM Update 63
[2024-05-16 14:37:05.130] [jointLog] [info] Checking for convergence
[2024-05-16 14:37:05.144] [jointLog] [info] VBME Update 64
[2024-05-16 14:37:05.161] [jointLog] [info] EM Update 64
[2024-05-16 14:37:05.174] [jointLog] [info] Checking for convergence
[2024-05-16 14:37:05.188] [jointLog] [info] VBME Update 65
[2024-05-16 14:37:05.210] [jointLog] [info] EM Update 65
[2024-05-16 14:37:05.224] [jointLog] [info] Checking for convergence
[2024-05-16 14:37:05.237] [jointLog] [info] VBME Update 66
[2024-05-16 14:37:05.253] [jointLog] [info] EM Update 66
[2024-05-16 14:37:05.267] [jointLog] [info] Checking for convergence
[2024-05-16 14:37:05.279] [jointLog] [info] VBME Update 67
[2024-05-16 14:37:05.295] [jointLog] [info] EM Update 67
[2024-05-16 14:37:05.308] [jointLog] [info] Checking for convergence
[2024-05-16 14:37:05.320] [jointLog] [info] VBME Update 68
[2024-05-16 14:37:05.337] [jointLog] [info] EM Update 68
[2024-05-16 14:37:05.351] [jointLog] [info] Checking for convergence
[2024-05-16 14:37:05.363] [jointLog] [info] VBME Update 69
[2024-05-16 14:37:05.381] [jointLog] [info] EM Update 69
[2024-05-16 14:37:05.394] [jointLog] [info] Checking for convergence
[2024-05-16 14:37:05.407] [jointLog] [info] VBME Update 70
[2024-05-16 14:37:05.423] [jointLog] [info] EM Update 70
[2024-05-16 14:37:05.439] [jointLog] [info] Checking for convergence
[2024-05-16 14:37:05.453] [jointLog] [info] VBME Update 71
[2024-05-16 14:37:05.471] [jointLog] [info] EM Update 71
[2024-05-16 14:37:05.483] [jointLog] [info] Checking for convergence
[2024-05-16 14:37:05.497] [jointLog] [info] VBME Update 72
[2024-05-16 14:37:05.513] [jointLog] [info] EM Update 72
[2024-05-16 14:37:05.525] [jointLog] [info] Checking for convergence
[2024-05-16 14:37:05.538] [jointLog] [info] VBME Update 73
[2024-05-16 14:37:05.556] [jointLog] [info] EM Update 73
[2024-05-16 14:37:05.570] [jointLog] [info] Checking for convergence
[2024-05-16 14:37:05.583] [jointLog] [info] VBME Update 74
[2024-05-16 14:37:05.601] [jointLog] [info] EM Update 74
[2024-05-16 14:37:05.615] [jointLog] [info] Checking for convergence
[2024-05-16 14:37:05.628] [jointLog] [info] VBME Update 75
[2024-05-16 14:37:05.648] [jointLog] [info] EM Update 75
[2024-05-16 14:37:05.661] [jointLog] [info] Checking for convergence
[2024-05-16 14:37:05.674] [jointLog] [info] VBME Update 76
[2024-05-16 14:37:05.689] [jointLog] [info] EM Update 76
[2024-05-16 14:37:05.702] [jointLog] [info] Checking for convergence
[2024-05-16 14:37:05.715] [jointLog] [info] VBME Update 77
[2024-05-16 14:37:05.734] [jointLog] [info] EM Update 77
[2024-05-16 14:37:05.746] [jointLog] [info] Checking for convergence
[2024-05-16 14:37:05.760] [jointLog] [info] VBME Update 78
[2024-05-16 14:37:05.778] [jointLog] [info] EM Update 78
[2024-05-16 14:37:05.789] [jointLog] [info] Checking for convergence
[2024-05-16 14:37:05.800] [jointLog] [info] VBME Update 79
[2024-05-16 14:37:05.815] [jointLog] [info] EM Update 79
[2024-05-16 14:37:05.829] [jointLog] [info] Checking for convergence
[2024-05-16 14:37:05.842] [jointLog] [info] VBME Update 80
[2024-05-16 14:37:05.861] [jointLog] [info] EM Update 80
[2024-05-16 14:37:05.875] [jointLog] [info] Checking for convergence
[2024-05-16 14:37:05.888] [jointLog] [info] VBME Update 81
[2024-05-16 14:37:05.907] [jointLog] [info] EM Update 81
[2024-05-16 14:37:05.920] [jointLog] [info] Checking for convergence
[2024-05-16 14:37:05.933] [jointLog] [info] VBME Update 82
[2024-05-16 14:37:05.950] [jointLog] [info] EM Update 82
[2024-05-16 14:37:05.964] [jointLog] [info] Checking for convergence
[2024-05-16 14:37:05.977] [jointLog] [info] VBME Update 83
[2024-05-16 14:37:05.992] [jointLog] [info] EM Update 83
[2024-05-16 14:37:06.009] [jointLog] [info] Checking for convergence
[2024-05-16 14:37:06.021] [jointLog] [info] VBME Update 84
[2024-05-16 14:37:06.039] [jointLog] [info] EM Update 84
[2024-05-16 14:37:06.050] [jointLog] [info] Checking for convergence
[2024-05-16 14:37:06.061] [jointLog] [info] VBME Update 85
[2024-05-16 14:37:06.080] [jointLog] [info] EM Update 85
[2024-05-16 14:37:06.092] [jointLog] [info] Checking for convergence
[2024-05-16 14:37:06.105] [jointLog] [info] VBME Update 86
[2024-05-16 14:37:06.121] [jointLog] [info] EM Update 86
[2024-05-16 14:37:06.134] [jointLog] [info] Checking for convergence
[2024-05-16 14:37:06.147] [jointLog] [info] VBME Update 87
[2024-05-16 14:37:06.163] [jointLog] [info] EM Update 87
[2024-05-16 14:37:06.177] [jointLog] [info] Checking for convergence
[2024-05-16 14:37:06.189] [jointLog] [info] VBME Update 88
[2024-05-16 14:37:06.207] [jointLog] [info] EM Update 88
[2024-05-16 14:37:06.220] [jointLog] [info] Checking for convergence
[2024-05-16 14:37:06.233] [jointLog] [info] VBME Update 89
[2024-05-16 14:37:06.247] [jointLog] [info] EM Update 89
[2024-05-16 14:37:06.258] [jointLog] [info] Checking for convergence
[2024-05-16 14:37:06.271] [jointLog] [info] VBME Update 90
[2024-05-16 14:37:06.288] [jointLog] [info] EM Update 90
[2024-05-16 14:37:06.305] [jointLog] [info] Checking for convergence
[2024-05-16 14:37:06.319] [jointLog] [info] VBME Update 91
[2024-05-16 14:37:06.338] [jointLog] [info] EM Update 91
[2024-05-16 14:37:06.350] [jointLog] [info] Checking for convergence
[2024-05-16 14:37:06.364] [jointLog] [info] VBME Update 92
[2024-05-16 14:37:06.380] [jointLog] [info] EM Update 92
[2024-05-16 14:37:06.395] [jointLog] [info] Checking for convergence
[2024-05-16 14:37:06.407] [jointLog] [info] VBME Update 93
[2024-05-16 14:37:06.423] [jointLog] [info] EM Update 93
[2024-05-16 14:37:06.439] [jointLog] [info] Checking for convergence
[2024-05-16 14:37:06.451] [jointLog] [info] VBME Update 94
[2024-05-16 14:37:06.467] [jointLog] [info] EM Update 94
[2024-05-16 14:37:06.482] [jointLog] [info] Checking for convergence
[2024-05-16 14:37:06.495] [jointLog] [info] VBME Update 95
[2024-05-16 14:37:06.514] [jointLog] [info] EM Update 95
[2024-05-16 14:37:06.531] [jointLog] [info] Checking for convergence
[2024-05-16 14:37:06.544] [jointLog] [info] VBME Update 96
[2024-05-16 14:37:06.562] [jointLog] [info] EM Update 96
[2024-05-16 14:37:06.574] [jointLog] [info] Checking for convergence
[2024-05-16 14:37:06.587] [jointLog] [info] VBME Update 97
[2024-05-16 14:37:06.606] [jointLog] [info] EM Update 97
[2024-05-16 14:37:06.620] [jointLog] [info] Checking for convergence
[2024-05-16 14:37:06.633] [jointLog] [info] VBME Update 98
[2024-05-16 14:37:06.651] [jointLog] [info] EM Update 98
[2024-05-16 14:37:06.665] [jointLog] [info] Checking for convergence
[2024-05-16 14:37:06.677] [jointLog] [info] VBME Update 99
[2024-05-16 14:37:06.697] [jointLog] [info] EM Update 99
[2024-05-16 14:37:06.713] [jointLog] [info] Checking for convergence
[2024-05-16 14:37:06.726] [jointLog] [info] iteration = 100 | max rel diff. = 0.00994461
[2024-05-16 14:37:06.829] [jointLog] [info] Finished optimizer
[2024-05-16 14:37:06.829] [jointLog] [info] writing output 

