[2024-05-05 09:46:38.358] [jointLog] [info] setting maxHashResizeThreads to 64
[2024-05-05 09:46:38.358] [jointLog] [info] Fragment incompatibility prior below threshold.  Incompatible fragments will be ignored.
[2024-05-05 09:46:38.358] [jointLog] [info] Usage of --validateMappings implies use of minScoreFraction. Since not explicitly specified, it is being set to 0.65
[2024-05-05 09:46:38.358] [jointLog] [info] Setting consensusSlack to selective-alignment default of 0.35.
[2024-05-05 09:46:38.358] [jointLog] [info] parsing read library format
[2024-05-05 09:46:38.358] [jointLog] [info] There is 1 library.
[2024-05-05 09:46:38.359] [jointLog] [info] Loading pufferfish index
[2024-05-05 09:46:38.359] [jointLog] [info] Loading dense pufferfish index.
[2024-05-05 09:46:39.138] [jointLog] [info] done
[2024-05-05 09:46:39.168] [jointLog] [info] Index contained 197,452 targets
[2024-05-05 09:46:39.203] [jointLog] [info] Number of decoys : 0
[2024-05-05 09:46:39.464] [jointLog] [info] Automatically detected most likely library type as IU

[2024-05-05 09:47:22.675] [jointLog] [info] Computed 416,866 rich equivalence classes for further processing
[2024-05-05 09:47:22.675] [jointLog] [info] Counted 29,982,932 total reads in the equivalence classes 
[2024-05-05 09:47:22.708] [jointLog] [info] Number of mappings discarded because of alignment score : 5,249,393
[2024-05-05 09:47:22.708] [jointLog] [info] Number of fragments entirely discarded because of alignment score : 6,638
[2024-05-05 09:47:22.708] [jointLog] [info] Number of fragments discarded because they are best-mapped to decoys : 0
[2024-05-05 09:47:22.708] [jointLog] [info] Number of fragments discarded because they have only dovetail (discordant) mappings to valid targets : 56,228
[2024-05-05 09:47:22.708] [jointLog] [info] Mapping rate = 99.9431%

[2024-05-05 09:47:22.708] [jointLog] [info] finished quantifyLibrary()
[2024-05-05 09:47:22.710] [jointLog] [info] Starting optimizer
[2024-05-05 09:47:22.845] [jointLog] [info] Marked 0 weighted equivalence classes as degenerate
[2024-05-05 09:47:22.864] [jointLog] [info] iteration = 0 | max rel diff. = 6028.89
[2024-05-05 09:47:22.675] [fileLog] [info] 
At end of round 0
==================
Observed 30000000 total fragments (30000000 in most recent round)

[2024-05-05 09:47:24.773] [jointLog] [info] iteration = 100 | max rel diff. = 15.3677
[2024-05-05 09:47:26.674] [jointLog] [info] iteration = 200 | max rel diff. = 7.57911
[2024-05-05 09:47:28.574] [jointLog] [info] iteration = 300 | max rel diff. = 0.381782
[2024-05-05 09:47:30.469] [jointLog] [info] iteration = 400 | max rel diff. = 1.28251
[2024-05-05 09:47:32.351] [jointLog] [info] iteration = 500 | max rel diff. = 1.41239
[2024-05-05 09:47:34.231] [jointLog] [info] iteration = 600 | max rel diff. = 0.230026
[2024-05-05 09:47:36.106] [jointLog] [info] iteration = 700 | max rel diff. = 0.208742
[2024-05-05 09:47:37.983] [jointLog] [info] iteration = 800 | max rel diff. = 0.1324
[2024-05-05 09:47:39.864] [jointLog] [info] iteration = 900 | max rel diff. = 0.124258
[2024-05-05 09:47:41.743] [jointLog] [info] iteration = 1,000 | max rel diff. = 0.365846
[2024-05-05 09:47:43.619] [jointLog] [info] iteration = 1,100 | max rel diff. = 0.0208076
[2024-05-05 09:47:45.495] [jointLog] [info] iteration = 1,200 | max rel diff. = 0.945984
[2024-05-05 09:47:47.375] [jointLog] [info] iteration = 1,300 | max rel diff. = 0.0216083
[2024-05-05 09:47:48.856] [jointLog] [info] iteration = 1,380 | max rel diff. = 0.00935627
[2024-05-05 09:47:48.889] [jointLog] [info] Finished optimizer
[2024-05-05 09:47:48.889] [jointLog] [info] writing output 

