[2024-05-05 09:15:49.320] [jointLog] [info] setting maxHashResizeThreads to 64
[2024-05-05 09:15:49.320] [jointLog] [info] Fragment incompatibility prior below threshold.  Incompatible fragments will be ignored.
[2024-05-05 09:15:49.320] [jointLog] [info] Usage of --validateMappings implies use of minScoreFraction. Since not explicitly specified, it is being set to 0.65
[2024-05-05 09:15:49.320] [jointLog] [info] Setting consensusSlack to selective-alignment default of 0.35.
[2024-05-05 09:15:49.320] [jointLog] [info] parsing read library format
[2024-05-05 09:15:49.320] [jointLog] [info] There is 1 library.
[2024-05-05 09:15:49.320] [jointLog] [info] Loading pufferfish index
[2024-05-05 09:15:49.320] [jointLog] [info] Loading dense pufferfish index.
[2024-05-05 09:15:50.098] [jointLog] [info] done
[2024-05-05 09:15:50.128] [jointLog] [info] Index contained 197,452 targets
[2024-05-05 09:15:50.164] [jointLog] [info] Number of decoys : 0
[2024-05-05 09:15:50.407] [jointLog] [info] Automatically detected most likely library type as IU

[2024-05-05 09:16:32.424] [fileLog] [info] 
At end of round 0
==================
Observed 30000000 total fragments (30000000 in most recent round)

[2024-05-05 09:16:32.424] [jointLog] [info] Computed 416,617 rich equivalence classes for further processing
[2024-05-05 09:16:32.424] [jointLog] [info] Counted 29,982,481 total reads in the equivalence classes 
[2024-05-05 09:16:32.458] [jointLog] [info] Number of mappings discarded because of alignment score : 5,238,142
[2024-05-05 09:16:32.458] [jointLog] [info] Number of fragments entirely discarded because of alignment score : 6,993
[2024-05-05 09:16:32.458] [jointLog] [info] Number of fragments discarded because they are best-mapped to decoys : 0
[2024-05-05 09:16:32.458] [jointLog] [info] Number of fragments discarded because they have only dovetail (discordant) mappings to valid targets : 57,075
[2024-05-05 09:16:32.458] [jointLog] [info] Mapping rate = 99.9416%

[2024-05-05 09:16:32.458] [jointLog] [info] finished quantifyLibrary()
[2024-05-05 09:16:32.459] [jointLog] [info] Starting optimizer
[2024-05-05 09:16:32.591] [jointLog] [info] Marked 0 weighted equivalence classes as degenerate
[2024-05-05 09:16:32.609] [jointLog] [info] iteration = 0 | max rel diff. = 60.991
[2024-05-05 09:16:34.496] [jointLog] [info] iteration = 100 | max rel diff. = 0.257522
[2024-05-05 09:16:36.365] [jointLog] [info] iteration = 200 | max rel diff. = 0.0664165
[2024-05-05 09:16:38.216] [jointLog] [info] iteration = 300 | max rel diff. = 0.0449504
[2024-05-05 09:16:40.067] [jointLog] [info] iteration = 400 | max rel diff. = 0.0277148
[2024-05-05 09:16:41.919] [jointLog] [info] iteration = 500 | max rel diff. = 0.0225579
[2024-05-05 09:16:43.769] [jointLog] [info] iteration = 600 | max rel diff. = 0.0213077
[2024-05-05 09:16:45.622] [jointLog] [info] iteration = 700 | max rel diff. = 0.0166121
[2024-05-05 09:16:47.470] [jointLog] [info] iteration = 800 | max rel diff. = 0.0166068
[2024-05-05 09:16:49.318] [jointLog] [info] iteration = 900 | max rel diff. = 0.0250977
[2024-05-05 09:16:51.167] [jointLog] [info] iteration = 1,000 | max rel diff. = 0.0150011
[2024-05-05 09:16:53.014] [jointLog] [info] iteration = 1,100 | max rel diff. = 0.0129003
[2024-05-05 09:16:54.859] [jointLog] [info] iteration = 1,200 | max rel diff. = 0.0115752
[2024-05-05 09:16:55.543] [jointLog] [info] iteration = 1,238 | max rel diff. = 0.00999124
[2024-05-05 09:16:55.576] [jointLog] [info] Finished optimizer
[2024-05-05 09:16:55.576] [jointLog] [info] writing output 

