[2024-05-05 09:26:07.371] [jointLog] [info] setting maxHashResizeThreads to 64
[2024-05-05 09:26:07.371] [jointLog] [info] Fragment incompatibility prior below threshold.  Incompatible fragments will be ignored.
[2024-05-05 09:26:07.371] [jointLog] [info] Usage of --validateMappings implies use of minScoreFraction. Since not explicitly specified, it is being set to 0.65
[2024-05-05 09:26:07.371] [jointLog] [info] Setting consensusSlack to selective-alignment default of 0.35.
[2024-05-05 09:26:07.371] [jointLog] [info] parsing read library format
[2024-05-05 09:26:07.371] [jointLog] [info] There is 1 library.
[2024-05-05 09:26:07.371] [jointLog] [info] Loading pufferfish index
[2024-05-05 09:26:07.371] [jointLog] [info] Loading dense pufferfish index.
[2024-05-05 09:26:08.146] [jointLog] [info] done
[2024-05-05 09:26:08.176] [jointLog] [info] Index contained 197,452 targets
[2024-05-05 09:26:08.212] [jointLog] [info] Number of decoys : 0
[2024-05-05 09:26:08.470] [jointLog] [info] Automatically detected most likely library type as IU

[2024-05-05 09:26:49.542] [fileLog] [info] 
At end of round 0
==================
Observed 30000000 total fragments (30000000 in most recent round)

[2024-05-05 09:26:49.541] [jointLog] [info] Computed 415,891 rich equivalence classes for further processing
[2024-05-05 09:26:49.541] [jointLog] [info] Counted 29,982,665 total reads in the equivalence classes 
[2024-05-05 09:26:49.576] [jointLog] [info] Number of mappings discarded because of alignment score : 5,244,861
[2024-05-05 09:26:49.576] [jointLog] [info] Number of fragments entirely discarded because of alignment score : 6,888
[2024-05-05 09:26:49.576] [jointLog] [info] Number of fragments discarded because they are best-mapped to decoys : 0
[2024-05-05 09:26:49.576] [jointLog] [info] Number of fragments discarded because they have only dovetail (discordant) mappings to valid targets : 56,874
[2024-05-05 09:26:49.576] [jointLog] [info] Mapping rate = 99.9422%

[2024-05-05 09:26:49.576] [jointLog] [info] finished quantifyLibrary()
[2024-05-05 09:26:49.578] [jointLog] [info] Starting optimizer
[2024-05-05 09:26:49.714] [jointLog] [info] Marked 0 weighted equivalence classes as degenerate
[2024-05-05 09:26:49.734] [jointLog] [info] iteration = 0 | max rel diff. = 6065.48
[2024-05-05 09:26:51.690] [jointLog] [info] iteration = 100 | max rel diff. = 19.9143
[2024-05-05 09:26:53.639] [jointLog] [info] iteration = 200 | max rel diff. = 1.14808
[2024-05-05 09:26:55.589] [jointLog] [info] iteration = 300 | max rel diff. = 19.937
[2024-05-05 09:26:57.534] [jointLog] [info] iteration = 400 | max rel diff. = 1.60107
[2024-05-05 09:26:59.457] [jointLog] [info] iteration = 500 | max rel diff. = 0.638077
[2024-05-05 09:27:01.383] [jointLog] [info] iteration = 600 | max rel diff. = 0.776692
[2024-05-05 09:27:03.313] [jointLog] [info] iteration = 700 | max rel diff. = 0.188417
[2024-05-05 09:27:05.243] [jointLog] [info] iteration = 800 | max rel diff. = 0.038201
[2024-05-05 09:27:07.172] [jointLog] [info] iteration = 900 | max rel diff. = 0.346682
[2024-05-05 09:27:09.102] [jointLog] [info] iteration = 1,000 | max rel diff. = 0.86216
[2024-05-05 09:27:11.028] [jointLog] [info] iteration = 1,100 | max rel diff. = 0.120338
[2024-05-05 09:27:11.221] [jointLog] [info] iteration = 1,111 | max rel diff. = 0.00531839
[2024-05-05 09:27:11.255] [jointLog] [info] Finished optimizer
[2024-05-05 09:27:11.255] [jointLog] [info] writing output 

