[2024-05-05 09:23:51.399] [jointLog] [info] setting maxHashResizeThreads to 64
[2024-05-05 09:23:51.399] [jointLog] [info] Fragment incompatibility prior below threshold.  Incompatible fragments will be ignored.
[2024-05-05 09:23:51.399] [jointLog] [info] Usage of --validateMappings implies use of minScoreFraction. Since not explicitly specified, it is being set to 0.65
[2024-05-05 09:23:51.399] [jointLog] [info] Setting consensusSlack to selective-alignment default of 0.35.
[2024-05-05 09:23:51.399] [jointLog] [info] parsing read library format
[2024-05-05 09:23:51.399] [jointLog] [info] There is 1 library.
[2024-05-05 09:23:51.399] [jointLog] [info] Loading pufferfish index
[2024-05-05 09:23:51.399] [jointLog] [info] Loading dense pufferfish index.
[2024-05-05 09:23:52.178] [jointLog] [info] done
[2024-05-05 09:23:52.208] [jointLog] [info] Index contained 197,452 targets
[2024-05-05 09:23:52.244] [jointLog] [info] Number of decoys : 0
[2024-05-05 09:23:52.508] [jointLog] [info] Automatically detected most likely library type as IU

[2024-05-05 09:24:32.665] [jointLog] [info] Computed 415,515 rich equivalence classes for further processing
[2024-05-05 09:24:32.665] [jointLog] [info] Counted 29,982,656 total reads in the equivalence classes 
[2024-05-05 09:24:32.699] [jointLog] [info] Number of mappings discarded because of alignment score : 5,266,675
[2024-05-05 09:24:32.699] [jointLog] [info] Number of fragments entirely discarded because of alignment score : 6,897
[2024-05-05 09:24:32.699] [jointLog] [info] Number of fragments discarded because they are best-mapped to decoys : 0
[2024-05-05 09:24:32.699] [jointLog] [info] Number of fragments discarded because they have only dovetail (discordant) mappings to valid targets : 56,931
[2024-05-05 09:24:32.699] [jointLog] [info] Mapping rate = 99.9422%

[2024-05-05 09:24:32.699] [jointLog] [info] finished quantifyLibrary()
[2024-05-05 09:24:32.701] [jointLog] [info] Starting optimizer
[2024-05-05 09:24:32.832] [jointLog] [info] Marked 0 weighted equivalence classes as degenerate
[2024-05-05 09:24:32.849] [jointLog] [info] iteration = 0 | max rel diff. = 6064.81
[2024-05-05 09:24:32.665] [fileLog] [info] 
At end of round 0
==================
Observed 30000000 total fragments (30000000 in most recent round)

[2024-05-05 09:24:34.666] [jointLog] [info] iteration = 100 | max rel diff. = 12.6685
[2024-05-05 09:24:36.481] [jointLog] [info] iteration = 200 | max rel diff. = 6.08533
[2024-05-05 09:24:38.293] [jointLog] [info] iteration = 300 | max rel diff. = 1.21511
[2024-05-05 09:24:40.104] [jointLog] [info] iteration = 400 | max rel diff. = 0.459826
[2024-05-05 09:24:41.912] [jointLog] [info] iteration = 500 | max rel diff. = 0.514602
[2024-05-05 09:24:43.721] [jointLog] [info] iteration = 600 | max rel diff. = 0.293284
[2024-05-05 09:24:45.530] [jointLog] [info] iteration = 700 | max rel diff. = 0.205966
[2024-05-05 09:24:47.340] [jointLog] [info] iteration = 800 | max rel diff. = 0.537696
[2024-05-05 09:24:49.152] [jointLog] [info] iteration = 900 | max rel diff. = 0.134487
[2024-05-05 09:24:50.964] [jointLog] [info] iteration = 1,000 | max rel diff. = 0.0619411
[2024-05-05 09:24:52.773] [jointLog] [info] iteration = 1,100 | max rel diff. = 0.0365165
[2024-05-05 09:24:54.582] [jointLog] [info] iteration = 1,200 | max rel diff. = 0.123757
[2024-05-05 09:24:56.393] [jointLog] [info] iteration = 1,300 | max rel diff. = 0.0443325
[2024-05-05 09:24:58.205] [jointLog] [info] iteration = 1,400 | max rel diff. = 0.0299255
[2024-05-05 09:24:59.493] [jointLog] [info] iteration = 1,472 | max rel diff. = 0.0050578
[2024-05-05 09:24:59.529] [jointLog] [info] Finished optimizer
[2024-05-05 09:24:59.529] [jointLog] [info] writing output 

