[2024-05-05 09:21:40.423] [jointLog] [info] setting maxHashResizeThreads to 64
[2024-05-05 09:21:40.423] [jointLog] [info] Fragment incompatibility prior below threshold.  Incompatible fragments will be ignored.
[2024-05-05 09:21:40.423] [jointLog] [info] Usage of --validateMappings implies use of minScoreFraction. Since not explicitly specified, it is being set to 0.65
[2024-05-05 09:21:40.423] [jointLog] [info] Setting consensusSlack to selective-alignment default of 0.35.
[2024-05-05 09:21:40.423] [jointLog] [info] parsing read library format
[2024-05-05 09:21:40.423] [jointLog] [info] There is 1 library.
[2024-05-05 09:21:40.423] [jointLog] [info] Loading pufferfish index
[2024-05-05 09:21:40.423] [jointLog] [info] Loading dense pufferfish index.
[2024-05-05 09:21:41.199] [jointLog] [info] done
[2024-05-05 09:21:41.231] [jointLog] [info] Index contained 197,452 targets
[2024-05-05 09:21:41.267] [jointLog] [info] Number of decoys : 0
[2024-05-05 09:21:41.523] [jointLog] [info] Automatically detected most likely library type as IU

[2024-05-05 09:22:23.681] [jointLog] [info] Computed 415,346 rich equivalence classes for further processing
[2024-05-05 09:22:23.681] [jointLog] [info] Counted 29,982,535 total reads in the equivalence classes 
[2024-05-05 09:22:23.715] [jointLog] [info] Number of mappings discarded because of alignment score : 5,240,166
[2024-05-05 09:22:23.715] [jointLog] [info] Number of fragments entirely discarded because of alignment score : 6,857
[2024-05-05 09:22:23.715] [jointLog] [info] Number of fragments discarded because they are best-mapped to decoys : 0
[2024-05-05 09:22:23.715] [jointLog] [info] Number of fragments discarded because they have only dovetail (discordant) mappings to valid targets : 56,517
[2024-05-05 09:22:23.715] [jointLog] [info] Mapping rate = 99.9418%

[2024-05-05 09:22:23.715] [jointLog] [info] finished quantifyLibrary()
[2024-05-05 09:22:23.717] [jointLog] [info] Starting optimizer
[2024-05-05 09:22:23.851] [jointLog] [info] Marked 0 weighted equivalence classes as degenerate
[2024-05-05 09:22:23.870] [jointLog] [info] iteration = 0 | max rel diff. = 6049.12
[2024-05-05 09:22:23.682] [fileLog] [info] 
At end of round 0
==================
Observed 30000000 total fragments (30000000 in most recent round)

[2024-05-05 09:22:25.830] [jointLog] [info] iteration = 100 | max rel diff. = 20.1979
[2024-05-05 09:22:27.781] [jointLog] [info] iteration = 200 | max rel diff. = 4.0701
[2024-05-05 09:22:29.732] [jointLog] [info] iteration = 300 | max rel diff. = 5.33635
[2024-05-05 09:22:31.684] [jointLog] [info] iteration = 400 | max rel diff. = 0.211811
[2024-05-05 09:22:33.636] [jointLog] [info] iteration = 500 | max rel diff. = 1.08365
[2024-05-05 09:22:35.587] [jointLog] [info] iteration = 600 | max rel diff. = 1.88959
[2024-05-05 09:22:37.523] [jointLog] [info] iteration = 700 | max rel diff. = 1.07219
[2024-05-05 09:22:39.451] [jointLog] [info] iteration = 800 | max rel diff. = 0.142365
[2024-05-05 09:22:41.374] [jointLog] [info] iteration = 900 | max rel diff. = 4.30009
[2024-05-05 09:22:43.296] [jointLog] [info] iteration = 1,000 | max rel diff. = 0.0294032
[2024-05-05 09:22:44.256] [jointLog] [info] iteration = 1,051 | max rel diff. = 0.00801665
[2024-05-05 09:22:44.290] [jointLog] [info] Finished optimizer
[2024-05-05 09:22:44.290] [jointLog] [info] writing output 

