[2024-05-05 09:22:47.102] [jointLog] [info] setting maxHashResizeThreads to 64
[2024-05-05 09:22:47.102] [jointLog] [info] Fragment incompatibility prior below threshold.  Incompatible fragments will be ignored.
[2024-05-05 09:22:47.102] [jointLog] [info] Usage of --validateMappings implies use of minScoreFraction. Since not explicitly specified, it is being set to 0.65
[2024-05-05 09:22:47.102] [jointLog] [info] Setting consensusSlack to selective-alignment default of 0.35.
[2024-05-05 09:22:47.102] [jointLog] [info] parsing read library format
[2024-05-05 09:22:47.102] [jointLog] [info] There is 1 library.
[2024-05-05 09:22:47.102] [jointLog] [info] Loading pufferfish index
[2024-05-05 09:22:47.102] [jointLog] [info] Loading dense pufferfish index.
[2024-05-05 09:22:47.873] [jointLog] [info] done
[2024-05-05 09:22:47.903] [jointLog] [info] Index contained 197,452 targets
[2024-05-05 09:22:47.938] [jointLog] [info] Number of decoys : 0
[2024-05-05 09:22:48.178] [jointLog] [info] Automatically detected most likely library type as IU

[2024-05-05 09:23:29.778] [fileLog] [info] 
At end of round 0
==================
Observed 30000000 total fragments (30000000 in most recent round)

[2024-05-05 09:23:29.777] [jointLog] [info] Computed 415,883 rich equivalence classes for further processing
[2024-05-05 09:23:29.777] [jointLog] [info] Counted 29,982,535 total reads in the equivalence classes 
[2024-05-05 09:23:29.811] [jointLog] [info] Number of mappings discarded because of alignment score : 5,240,166
[2024-05-05 09:23:29.811] [jointLog] [info] Number of fragments entirely discarded because of alignment score : 6,857
[2024-05-05 09:23:29.811] [jointLog] [info] Number of fragments discarded because they are best-mapped to decoys : 0
[2024-05-05 09:23:29.811] [jointLog] [info] Number of fragments discarded because they have only dovetail (discordant) mappings to valid targets : 56,517
[2024-05-05 09:23:29.811] [jointLog] [info] Mapping rate = 99.9418%

[2024-05-05 09:23:29.811] [jointLog] [info] finished quantifyLibrary()
[2024-05-05 09:23:29.813] [jointLog] [info] Starting optimizer
[2024-05-05 09:23:29.944] [jointLog] [info] Marked 0 weighted equivalence classes as degenerate
[2024-05-05 09:23:29.960] [jointLog] [info] iteration = 0 | max rel diff. = 60.214
[2024-05-05 09:23:31.712] [jointLog] [info] iteration = 100 | max rel diff. = 0.113549
[2024-05-05 09:23:33.461] [jointLog] [info] iteration = 200 | max rel diff. = 0.0810787
[2024-05-05 09:23:35.211] [jointLog] [info] iteration = 300 | max rel diff. = 0.0596266
[2024-05-05 09:23:36.956] [jointLog] [info] iteration = 400 | max rel diff. = 0.0419188
[2024-05-05 09:23:38.701] [jointLog] [info] iteration = 500 | max rel diff. = 0.0220865
[2024-05-05 09:23:40.445] [jointLog] [info] iteration = 600 | max rel diff. = 0.0335811
[2024-05-05 09:23:42.193] [jointLog] [info] iteration = 700 | max rel diff. = 0.0194468
[2024-05-05 09:23:43.937] [jointLog] [info] iteration = 800 | max rel diff. = 0.0179133
[2024-05-05 09:23:45.679] [jointLog] [info] iteration = 900 | max rel diff. = 0.0140917
[2024-05-05 09:23:47.421] [jointLog] [info] iteration = 1,000 | max rel diff. = 0.0126719
[2024-05-05 09:23:49.161] [jointLog] [info] iteration = 1,100 | max rel diff. = 0.0126719
[2024-05-05 09:23:49.404] [jointLog] [info] iteration = 1,115 | max rel diff. = 0.00959369
[2024-05-05 09:23:49.440] [jointLog] [info] Finished optimizer
[2024-05-05 09:23:49.440] [jointLog] [info] writing output 

