[2024-05-05 09:06:45.621] [jointLog] [info] setting maxHashResizeThreads to 64
[2024-05-05 09:06:45.621] [jointLog] [info] Fragment incompatibility prior below threshold.  Incompatible fragments will be ignored.
[2024-05-05 09:06:45.621] [jointLog] [info] Usage of --validateMappings implies use of minScoreFraction. Since not explicitly specified, it is being set to 0.65
[2024-05-05 09:06:45.621] [jointLog] [info] Setting consensusSlack to selective-alignment default of 0.35.
[2024-05-05 09:06:45.621] [jointLog] [info] parsing read library format
[2024-05-05 09:06:45.621] [jointLog] [info] There is 1 library.
[2024-05-05 09:06:45.621] [jointLog] [info] Loading pufferfish index
[2024-05-05 09:06:45.621] [jointLog] [info] Loading dense pufferfish index.
[2024-05-05 09:06:46.400] [jointLog] [info] done
[2024-05-05 09:06:46.429] [jointLog] [info] Index contained 197,452 targets
[2024-05-05 09:06:46.465] [jointLog] [info] Number of decoys : 0
[2024-05-05 09:06:46.709] [jointLog] [info] Automatically detected most likely library type as IU

[2024-05-05 09:07:29.269] [fileLog] [info] 
At end of round 0
==================
Observed 30000000 total fragments (30000000 in most recent round)

[2024-05-05 09:07:29.269] [jointLog] [info] Computed 415,994 rich equivalence classes for further processing
[2024-05-05 09:07:29.269] [jointLog] [info] Counted 29,982,738 total reads in the equivalence classes 
[2024-05-05 09:07:29.303] [jointLog] [info] Number of mappings discarded because of alignment score : 5,242,920
[2024-05-05 09:07:29.303] [jointLog] [info] Number of fragments entirely discarded because of alignment score : 6,837
[2024-05-05 09:07:29.303] [jointLog] [info] Number of fragments discarded because they are best-mapped to decoys : 0
[2024-05-05 09:07:29.303] [jointLog] [info] Number of fragments discarded because they have only dovetail (discordant) mappings to valid targets : 56,656
[2024-05-05 09:07:29.303] [jointLog] [info] Mapping rate = 99.9425%

[2024-05-05 09:07:29.303] [jointLog] [info] finished quantifyLibrary()
[2024-05-05 09:07:29.305] [jointLog] [info] Starting optimizer
[2024-05-05 09:07:29.442] [jointLog] [info] Marked 0 weighted equivalence classes as degenerate
[2024-05-05 09:07:29.461] [jointLog] [info] iteration = 0 | max rel diff. = 62.8412
[2024-05-05 09:07:31.320] [jointLog] [info] iteration = 100 | max rel diff. = 0.107115
[2024-05-05 09:07:33.163] [jointLog] [info] iteration = 200 | max rel diff. = 0.0688684
[2024-05-05 09:07:34.968] [jointLog] [info] iteration = 300 | max rel diff. = 0.046994
[2024-05-05 09:07:36.769] [jointLog] [info] iteration = 400 | max rel diff. = 0.0561729
[2024-05-05 09:07:38.570] [jointLog] [info] iteration = 500 | max rel diff. = 0.0239167
[2024-05-05 09:07:40.372] [jointLog] [info] iteration = 600 | max rel diff. = 0.0188503
[2024-05-05 09:07:42.176] [jointLog] [info] iteration = 700 | max rel diff. = 0.0164944
[2024-05-05 09:07:43.978] [jointLog] [info] iteration = 800 | max rel diff. = 0.0163175
[2024-05-05 09:07:45.778] [jointLog] [info] iteration = 900 | max rel diff. = 0.0152534
[2024-05-05 09:07:47.580] [jointLog] [info] iteration = 1,000 | max rel diff. = 0.0130958
[2024-05-05 09:07:49.383] [jointLog] [info] iteration = 1,100 | max rel diff. = 0.0107649
[2024-05-05 09:07:50.374] [jointLog] [info] iteration = 1,156 | max rel diff. = 0.00947807
[2024-05-05 09:07:50.410] [jointLog] [info] Finished optimizer
[2024-05-05 09:07:50.410] [jointLog] [info] writing output 

