[2024-05-05 09:14:36.387] [jointLog] [info] setting maxHashResizeThreads to 64
[2024-05-05 09:14:36.387] [jointLog] [info] Fragment incompatibility prior below threshold.  Incompatible fragments will be ignored.
[2024-05-05 09:14:36.387] [jointLog] [info] Usage of --validateMappings implies use of minScoreFraction. Since not explicitly specified, it is being set to 0.65
[2024-05-05 09:14:36.387] [jointLog] [info] Setting consensusSlack to selective-alignment default of 0.35.
[2024-05-05 09:14:36.387] [jointLog] [info] parsing read library format
[2024-05-05 09:14:36.387] [jointLog] [info] There is 1 library.
[2024-05-05 09:14:36.388] [jointLog] [info] Loading pufferfish index
[2024-05-05 09:14:36.388] [jointLog] [info] Loading dense pufferfish index.
[2024-05-05 09:14:37.163] [jointLog] [info] done
[2024-05-05 09:14:37.193] [jointLog] [info] Index contained 197,452 targets
[2024-05-05 09:14:37.229] [jointLog] [info] Number of decoys : 0
[2024-05-05 09:14:37.499] [jointLog] [info] Automatically detected most likely library type as IU

[2024-05-05 09:15:19.886] [fileLog] [info] 
At end of round 0
==================
Observed 30000000 total fragments (30000000 in most recent round)

[2024-05-05 09:15:19.885] [jointLog] [info] Computed 416,775 rich equivalence classes for further processing
[2024-05-05 09:15:19.885] [jointLog] [info] Counted 29,982,481 total reads in the equivalence classes 
[2024-05-05 09:15:19.919] [jointLog] [info] Number of mappings discarded because of alignment score : 5,238,142
[2024-05-05 09:15:19.919] [jointLog] [info] Number of fragments entirely discarded because of alignment score : 6,993
[2024-05-05 09:15:19.919] [jointLog] [info] Number of fragments discarded because they are best-mapped to decoys : 0
[2024-05-05 09:15:19.919] [jointLog] [info] Number of fragments discarded because they have only dovetail (discordant) mappings to valid targets : 57,075
[2024-05-05 09:15:19.919] [jointLog] [info] Mapping rate = 99.9416%

[2024-05-05 09:15:19.919] [jointLog] [info] finished quantifyLibrary()
[2024-05-05 09:15:19.920] [jointLog] [info] Starting optimizer
[2024-05-05 09:15:20.053] [jointLog] [info] Marked 0 weighted equivalence classes as degenerate
[2024-05-05 09:15:20.072] [jointLog] [info] iteration = 0 | max rel diff. = 6043.04
[2024-05-05 09:15:21.949] [jointLog] [info] iteration = 100 | max rel diff. = 17.1631
[2024-05-05 09:15:23.813] [jointLog] [info] iteration = 200 | max rel diff. = 8.48377
[2024-05-05 09:15:25.682] [jointLog] [info] iteration = 300 | max rel diff. = 1.7578
[2024-05-05 09:15:27.548] [jointLog] [info] iteration = 400 | max rel diff. = 0.383958
[2024-05-05 09:15:29.415] [jointLog] [info] iteration = 500 | max rel diff. = 1.80335
[2024-05-05 09:15:31.283] [jointLog] [info] iteration = 600 | max rel diff. = 0.39872
[2024-05-05 09:15:33.150] [jointLog] [info] iteration = 700 | max rel diff. = 0.130014
[2024-05-05 09:15:35.017] [jointLog] [info] iteration = 800 | max rel diff. = 0.112037
[2024-05-05 09:15:36.885] [jointLog] [info] iteration = 900 | max rel diff. = 0.301746
[2024-05-05 09:15:38.755] [jointLog] [info] iteration = 1,000 | max rel diff. = 0.0616662
[2024-05-05 09:15:40.623] [jointLog] [info] iteration = 1,100 | max rel diff. = 0.0456787
[2024-05-05 09:15:42.495] [jointLog] [info] iteration = 1,200 | max rel diff. = 0.145025
[2024-05-05 09:15:44.359] [jointLog] [info] iteration = 1,300 | max rel diff. = 0.0245662
[2024-05-05 09:15:46.226] [jointLog] [info] iteration = 1,400 | max rel diff. = 0.0272138
[2024-05-05 09:15:46.842] [jointLog] [info] iteration = 1,434 | max rel diff. = 0.00728434
[2024-05-05 09:15:46.876] [jointLog] [info] Finished optimizer
[2024-05-05 09:15:46.876] [jointLog] [info] writing output 

