[2024-05-05 09:40:57.324] [jointLog] [info] setting maxHashResizeThreads to 64
[2024-05-05 09:40:57.324] [jointLog] [info] Fragment incompatibility prior below threshold.  Incompatible fragments will be ignored.
[2024-05-05 09:40:57.324] [jointLog] [info] Usage of --validateMappings implies use of minScoreFraction. Since not explicitly specified, it is being set to 0.65
[2024-05-05 09:40:57.324] [jointLog] [info] Setting consensusSlack to selective-alignment default of 0.35.
[2024-05-05 09:40:57.324] [jointLog] [info] parsing read library format
[2024-05-05 09:40:57.324] [jointLog] [info] There is 1 library.
[2024-05-05 09:40:57.325] [jointLog] [info] Loading pufferfish index
[2024-05-05 09:40:57.325] [jointLog] [info] Loading dense pufferfish index.
[2024-05-05 09:40:58.095] [jointLog] [info] done
[2024-05-05 09:40:58.124] [jointLog] [info] Index contained 197,452 targets
[2024-05-05 09:40:58.159] [jointLog] [info] Number of decoys : 0
[2024-05-05 09:40:58.402] [jointLog] [info] Automatically detected most likely library type as IU

[2024-05-05 09:41:40.228] [jointLog] [info] Computed 415,549 rich equivalence classes for further processing
[2024-05-05 09:41:40.228] [jointLog] [info] Counted 29,982,503 total reads in the equivalence classes 
[2024-05-05 09:41:40.262] [jointLog] [info] Number of mappings discarded because of alignment score : 5,255,913
[2024-05-05 09:41:40.262] [jointLog] [info] Number of fragments entirely discarded because of alignment score : 6,959
[2024-05-05 09:41:40.262] [jointLog] [info] Number of fragments discarded because they are best-mapped to decoys : 0
[2024-05-05 09:41:40.262] [jointLog] [info] Number of fragments discarded because they have only dovetail (discordant) mappings to valid targets : 56,536
[2024-05-05 09:41:40.262] [jointLog] [info] Mapping rate = 99.9417%

[2024-05-05 09:41:40.262] [jointLog] [info] finished quantifyLibrary()
[2024-05-05 09:41:40.266] [jointLog] [info] Starting optimizer
[2024-05-05 09:41:40.395] [jointLog] [info] Marked 0 weighted equivalence classes as degenerate
[2024-05-05 09:41:40.411] [jointLog] [info] iteration = 0 | max rel diff. = 60.2337
[2024-05-05 09:41:40.229] [fileLog] [info] 
At end of round 0
==================
Observed 30000000 total fragments (30000000 in most recent round)

[2024-05-05 09:41:42.238] [jointLog] [info] iteration = 100 | max rel diff. = 0.104805
[2024-05-05 09:41:44.051] [jointLog] [info] iteration = 200 | max rel diff. = 0.0684654
[2024-05-05 09:41:45.858] [jointLog] [info] iteration = 300 | max rel diff. = 0.0565578
[2024-05-05 09:41:47.665] [jointLog] [info] iteration = 400 | max rel diff. = 0.0289493
[2024-05-05 09:41:49.469] [jointLog] [info] iteration = 500 | max rel diff. = 0.021606
[2024-05-05 09:41:51.272] [jointLog] [info] iteration = 600 | max rel diff. = 0.0192564
[2024-05-05 09:41:53.076] [jointLog] [info] iteration = 700 | max rel diff. = 0.0155935
[2024-05-05 09:41:54.879] [jointLog] [info] iteration = 800 | max rel diff. = 0.0127732
[2024-05-05 09:41:56.682] [jointLog] [info] iteration = 900 | max rel diff. = 0.0123366
[2024-05-05 09:41:58.486] [jointLog] [info] iteration = 1,000 | max rel diff. = 0.0123366
[2024-05-05 09:42:00.290] [jointLog] [info] iteration = 1,100 | max rel diff. = 0.0196226
[2024-05-05 09:42:02.093] [jointLog] [info] iteration = 1,200 | max rel diff. = 0.010472
[2024-05-05 09:42:02.165] [jointLog] [info] iteration = 1,205 | max rel diff. = 0.00999671
[2024-05-05 09:42:02.201] [jointLog] [info] Finished optimizer
[2024-05-05 09:42:02.201] [jointLog] [info] writing output 

