[2024-05-05 09:45:29.386] [jointLog] [info] setting maxHashResizeThreads to 64
[2024-05-05 09:45:29.386] [jointLog] [info] Fragment incompatibility prior below threshold.  Incompatible fragments will be ignored.
[2024-05-05 09:45:29.386] [jointLog] [info] Usage of --validateMappings implies use of minScoreFraction. Since not explicitly specified, it is being set to 0.65
[2024-05-05 09:45:29.386] [jointLog] [info] Setting consensusSlack to selective-alignment default of 0.35.
[2024-05-05 09:45:29.386] [jointLog] [info] parsing read library format
[2024-05-05 09:45:29.386] [jointLog] [info] There is 1 library.
[2024-05-05 09:45:29.386] [jointLog] [info] Loading pufferfish index
[2024-05-05 09:45:29.386] [jointLog] [info] Loading dense pufferfish index.
[2024-05-05 09:45:30.152] [jointLog] [info] done
[2024-05-05 09:45:30.181] [jointLog] [info] Index contained 197,452 targets
[2024-05-05 09:45:30.217] [jointLog] [info] Number of decoys : 0
[2024-05-05 09:45:30.452] [jointLog] [info] Automatically detected most likely library type as IU

[2024-05-05 09:46:12.096] [jointLog] [info] Computed 416,093 rich equivalence classes for further processing
[2024-05-05 09:46:12.096] [jointLog] [info] Counted 29,982,666 total reads in the equivalence classes 
[2024-05-05 09:46:12.130] [jointLog] [info] Number of mappings discarded because of alignment score : 5,246,652
[2024-05-05 09:46:12.130] [jointLog] [info] Number of fragments entirely discarded because of alignment score : 6,915
[2024-05-05 09:46:12.130] [jointLog] [info] Number of fragments discarded because they are best-mapped to decoys : 0
[2024-05-05 09:46:12.130] [jointLog] [info] Number of fragments discarded because they have only dovetail (discordant) mappings to valid targets : 56,422
[2024-05-05 09:46:12.130] [jointLog] [info] Mapping rate = 99.9422%

[2024-05-05 09:46:12.130] [jointLog] [info] finished quantifyLibrary()
[2024-05-05 09:46:12.132] [jointLog] [info] Starting optimizer
[2024-05-05 09:46:12.413] [jointLog] [info] Marked 0 weighted equivalence classes as degenerate
[2024-05-05 09:46:12.430] [jointLog] [info] iteration = 0 | max rel diff. = 59.7918
[2024-05-05 09:46:12.097] [fileLog] [info] 
At end of round 0
==================
Observed 30000000 total fragments (30000000 in most recent round)

[2024-05-05 09:46:14.337] [jointLog] [info] iteration = 100 | max rel diff. = 0.130064
[2024-05-05 09:46:16.205] [jointLog] [info] iteration = 200 | max rel diff. = 0.0686739
[2024-05-05 09:46:18.060] [jointLog] [info] iteration = 300 | max rel diff. = 0.0896033
[2024-05-05 09:46:19.903] [jointLog] [info] iteration = 400 | max rel diff. = 0.0324581
[2024-05-05 09:46:21.748] [jointLog] [info] iteration = 500 | max rel diff. = 0.0232552
[2024-05-05 09:46:23.590] [jointLog] [info] iteration = 600 | max rel diff. = 0.0196318
[2024-05-05 09:46:25.427] [jointLog] [info] iteration = 700 | max rel diff. = 0.0151536
[2024-05-05 09:46:27.269] [jointLog] [info] iteration = 800 | max rel diff. = 0.0156021
[2024-05-05 09:46:29.110] [jointLog] [info] iteration = 900 | max rel diff. = 0.0154315
[2024-05-05 09:46:30.950] [jointLog] [info] iteration = 1,000 | max rel diff. = 0.0127223
[2024-05-05 09:46:32.791] [jointLog] [info] iteration = 1,100 | max rel diff. = 0.0127223
[2024-05-05 09:46:33.289] [jointLog] [info] iteration = 1,128 | max rel diff. = 0.00938737
[2024-05-05 09:46:33.323] [jointLog] [info] Finished optimizer
[2024-05-05 09:46:33.323] [jointLog] [info] writing output 

