[2024-05-05 09:32:53.338] [jointLog] [info] setting maxHashResizeThreads to 64
[2024-05-05 09:32:53.338] [jointLog] [info] Fragment incompatibility prior below threshold.  Incompatible fragments will be ignored.
[2024-05-05 09:32:53.338] [jointLog] [info] Usage of --validateMappings implies use of minScoreFraction. Since not explicitly specified, it is being set to 0.65
[2024-05-05 09:32:53.338] [jointLog] [info] Setting consensusSlack to selective-alignment default of 0.35.
[2024-05-05 09:32:53.338] [jointLog] [info] parsing read library format
[2024-05-05 09:32:53.338] [jointLog] [info] There is 1 library.
[2024-05-05 09:32:53.339] [jointLog] [info] Loading pufferfish index
[2024-05-05 09:32:53.339] [jointLog] [info] Loading dense pufferfish index.
[2024-05-05 09:32:54.114] [jointLog] [info] done
[2024-05-05 09:32:54.145] [jointLog] [info] Index contained 197,452 targets
[2024-05-05 09:32:54.181] [jointLog] [info] Number of decoys : 0
[2024-05-05 09:32:54.434] [jointLog] [info] Automatically detected most likely library type as IU

[2024-05-05 09:33:36.292] [fileLog] [info] 
At end of round 0
==================
Observed 30000000 total fragments (30000000 in most recent round)

[2024-05-05 09:33:36.292] [jointLog] [info] Computed 415,915 rich equivalence classes for further processing
[2024-05-05 09:33:36.292] [jointLog] [info] Counted 29,982,597 total reads in the equivalence classes 
[2024-05-05 09:33:36.326] [jointLog] [info] Number of mappings discarded because of alignment score : 5,242,191
[2024-05-05 09:33:36.326] [jointLog] [info] Number of fragments entirely discarded because of alignment score : 6,893
[2024-05-05 09:33:36.326] [jointLog] [info] Number of fragments discarded because they are best-mapped to decoys : 0
[2024-05-05 09:33:36.326] [jointLog] [info] Number of fragments discarded because they have only dovetail (discordant) mappings to valid targets : 56,908
[2024-05-05 09:33:36.326] [jointLog] [info] Mapping rate = 99.942%

[2024-05-05 09:33:36.326] [jointLog] [info] finished quantifyLibrary()
[2024-05-05 09:33:36.328] [jointLog] [info] Starting optimizer
[2024-05-05 09:33:36.460] [jointLog] [info] Marked 0 weighted equivalence classes as degenerate
[2024-05-05 09:33:36.480] [jointLog] [info] iteration = 0 | max rel diff. = 6047.21
[2024-05-05 09:33:38.408] [jointLog] [info] iteration = 100 | max rel diff. = 13.6022
[2024-05-05 09:33:40.316] [jointLog] [info] iteration = 200 | max rel diff. = 9.70515
[2024-05-05 09:33:42.221] [jointLog] [info] iteration = 300 | max rel diff. = 3.11022
[2024-05-05 09:33:44.128] [jointLog] [info] iteration = 400 | max rel diff. = 0.0968382
[2024-05-05 09:33:46.031] [jointLog] [info] iteration = 500 | max rel diff. = 1.72074
[2024-05-05 09:33:47.923] [jointLog] [info] iteration = 600 | max rel diff. = 2.78347
[2024-05-05 09:33:49.810] [jointLog] [info] iteration = 700 | max rel diff. = 0.304562
[2024-05-05 09:33:51.694] [jointLog] [info] iteration = 800 | max rel diff. = 0.097801
[2024-05-05 09:33:53.577] [jointLog] [info] iteration = 900 | max rel diff. = 0.0337061
[2024-05-05 09:33:55.465] [jointLog] [info] iteration = 1,000 | max rel diff. = 0.487987
[2024-05-05 09:33:57.359] [jointLog] [info] iteration = 1,100 | max rel diff. = 0.24858
[2024-05-05 09:33:59.249] [jointLog] [info] iteration = 1,200 | max rel diff. = 0.110716
[2024-05-05 09:34:01.143] [jointLog] [info] iteration = 1,300 | max rel diff. = 0.0738885
[2024-05-05 09:34:03.036] [jointLog] [info] iteration = 1,400 | max rel diff. = 0.0138207
[2024-05-05 09:34:04.532] [jointLog] [info] iteration = 1,480 | max rel diff. = 0.00815792
[2024-05-05 09:34:04.566] [jointLog] [info] Finished optimizer
[2024-05-05 09:34:04.566] [jointLog] [info] writing output 

