[2024-05-05 09:27:14.424] [jointLog] [info] setting maxHashResizeThreads to 64
[2024-05-05 09:27:14.424] [jointLog] [info] Fragment incompatibility prior below threshold.  Incompatible fragments will be ignored.
[2024-05-05 09:27:14.424] [jointLog] [info] Usage of --validateMappings implies use of minScoreFraction. Since not explicitly specified, it is being set to 0.65
[2024-05-05 09:27:14.424] [jointLog] [info] Setting consensusSlack to selective-alignment default of 0.35.
[2024-05-05 09:27:14.424] [jointLog] [info] parsing read library format
[2024-05-05 09:27:14.424] [jointLog] [info] There is 1 library.
[2024-05-05 09:27:14.425] [jointLog] [info] Loading pufferfish index
[2024-05-05 09:27:14.425] [jointLog] [info] Loading dense pufferfish index.
[2024-05-05 09:27:15.202] [jointLog] [info] done
[2024-05-05 09:27:15.231] [jointLog] [info] Index contained 197,452 targets
[2024-05-05 09:27:15.267] [jointLog] [info] Number of decoys : 0
[2024-05-05 09:27:15.504] [jointLog] [info] Automatically detected most likely library type as IU

[2024-05-05 09:27:54.633] [jointLog] [info] Computed 416,231 rich equivalence classes for further processing
[2024-05-05 09:27:54.633] [jointLog] [info] Counted 29,982,665 total reads in the equivalence classes 
[2024-05-05 09:27:54.668] [jointLog] [info] Number of mappings discarded because of alignment score : 5,244,861
[2024-05-05 09:27:54.668] [jointLog] [info] Number of fragments entirely discarded because of alignment score : 6,888
[2024-05-05 09:27:54.668] [jointLog] [info] Number of fragments discarded because they are best-mapped to decoys : 0
[2024-05-05 09:27:54.668] [jointLog] [info] Number of fragments discarded because they have only dovetail (discordant) mappings to valid targets : 56,874
[2024-05-05 09:27:54.668] [jointLog] [info] Mapping rate = 99.9422%

[2024-05-05 09:27:54.668] [jointLog] [info] finished quantifyLibrary()
[2024-05-05 09:27:54.669] [jointLog] [info] Starting optimizer
[2024-05-05 09:27:54.804] [jointLog] [info] Marked 0 weighted equivalence classes as degenerate
[2024-05-05 09:27:54.822] [jointLog] [info] iteration = 0 | max rel diff. = 59.7918
[2024-05-05 09:27:54.634] [fileLog] [info] 
At end of round 0
==================
Observed 30000000 total fragments (30000000 in most recent round)

[2024-05-05 09:27:56.671] [jointLog] [info] iteration = 100 | max rel diff. = 0.120247
[2024-05-05 09:27:58.514] [jointLog] [info] iteration = 200 | max rel diff. = 0.0687301
[2024-05-05 09:28:00.341] [jointLog] [info] iteration = 300 | max rel diff. = 0.0475667
[2024-05-05 09:28:02.161] [jointLog] [info] iteration = 400 | max rel diff. = 0.0275452
[2024-05-05 09:28:03.980] [jointLog] [info] iteration = 500 | max rel diff. = 0.0218368
[2024-05-05 09:28:05.799] [jointLog] [info] iteration = 600 | max rel diff. = 0.0233928
[2024-05-05 09:28:07.618] [jointLog] [info] iteration = 700 | max rel diff. = 0.0184134
[2024-05-05 09:28:09.437] [jointLog] [info] iteration = 800 | max rel diff. = 0.0143695
[2024-05-05 09:28:11.256] [jointLog] [info] iteration = 900 | max rel diff. = 0.0136081
[2024-05-05 09:28:13.070] [jointLog] [info] iteration = 1,000 | max rel diff. = 0.0129652
[2024-05-05 09:28:14.884] [jointLog] [info] iteration = 1,100 | max rel diff. = 0.0110955
[2024-05-05 09:28:16.700] [jointLog] [info] iteration = 1,200 | max rel diff. = 0.0110652
[2024-05-05 09:28:18.515] [jointLog] [info] iteration = 1,300 | max rel diff. = 0.0115839
[2024-05-05 09:28:20.039] [jointLog] [info] iteration = 1,385 | max rel diff. = 0.00998436
[2024-05-05 09:28:20.073] [jointLog] [info] Finished optimizer
[2024-05-05 09:28:20.073] [jointLog] [info] writing output 

